2011/03/24 04:19:44 [trace] [system.CModule] Loading "log" application component
2011/03/24 04:19:44 [trace] [system.CModule] Loading "request" application component
2011/03/24 04:19:44 [trace] [system.CModule] Loading "urlManager" application component
2011/03/24 04:19:44 [trace] [system.CModule] Loading "cache" application component
2011/03/24 04:19:44 [trace] [system.caching.CFileCache] Serving "Yii.CUrlManager.rules" from cache
2011/03/24 04:19:44 [trace] [system.base.CModule] Loading "ghpp" module
2011/03/24 04:19:44 [trace] [system.CModule] Loading "messages" application component
2011/03/24 04:19:44 [trace] [system.CModule] Loading "user" application component
2011/03/24 04:19:44 [trace] [system.CModule] Loading "session" application component
2011/03/24 04:19:44 [trace] [system.CModule] Loading "clientScript" application component
2011/03/24 04:19:44 [trace] [system.CModule] Loading "assetManager" application component
2011/03/24 04:19:44 [trace] [system.CModule] Loading "themeManager" application component
2011/03/24 04:19:44 [trace] [system.web.filters.CFilterChain] Running filter PlayersController.filteraccessControl()
2011/03/24 04:19:44 [trace] [system.CModule] Loading "db" application component
2011/03/24 04:19:44 [trace] [system.db.CDbConnection] Opening DB connection
2011/03/24 04:19:44 [trace] [system.db.CDbCommand] Querying SQL: SHOW COLUMNS FROM `gameplayers`
2011/03/24 04:19:44 [profile] [system.db.CDbCommand.query] begin:system.db.CDbCommand.query(SHOW COLUMNS FROM `gameplayers`)
2011/03/24 04:19:44 [profile] [system.db.CDbCommand.query] end:system.db.CDbCommand.query(SHOW COLUMNS FROM `gameplayers`)
2011/03/24 04:19:44 [trace] [system.db.CDbCommand] Querying SQL: SHOW CREATE TABLE `gameplayers`
2011/03/24 04:19:44 [profile] [system.db.CDbCommand.query] begin:system.db.CDbCommand.query(SHOW CREATE TABLE `gameplayers`)
2011/03/24 04:19:44 [profile] [system.db.CDbCommand.query] end:system.db.CDbCommand.query(SHOW CREATE TABLE `gameplayers`)
2011/03/24 04:19:44 [trace] [system.db.ar.CActiveRecord] Players.find()
2011/03/24 04:19:44 [trace] [system.db.CDbCommand] Querying SQL: SELECT gp.name AS name, COUNT(*) AS totgames, gp.gameid AS gameid, gp.colour AS colour, AVG(dp.courierkills) AS courierkills, AVG(dp.raxkills) AS raxkills, AVG(dp.towerkills) AS towerkills, AVG(dp.assists) AS assists, AVG(dp.creepdenies) AS creepdenies, AVG(dp.creepkills) AS creepkills, AVG(dp.neutralkills) AS neutralkills, AVG(dp.deaths) AS deaths, AVG(dp.kills) AS kills, SUM(CASE WHEN(((dg.winner = 1 AND dp.newcolour < 6) OR (dg.winner = 2 and dp.newcolour > 6)) AND gp.`left`/ga.duration >= 0.8) THEN 1 ELSE 0 END) AS wins, SUM(CASE WHEN(((dg.winner = 2 AND dp.newcolour < 6) OR (dg.winner = 1 and dp.newcolour > 6)) AND gp.`left`/ga.duration >= 0.8) THEN 1 ELSE 0 END) AS losses, SUM(dp.kills) AS sumKills, SUM(dp.deaths) AS sumDeaths, SUM(dp.creepkills) AS sumCreepkills, SUM(dp.creepdenies) AS sumCreepdenies, SUM(dp.assists) AS sumAssists, SUM(dp.neutralkills) AS sumNeutralkills, SUM(dp.towerkills) AS sumTowerkills, SUM(dp.raxkills) AS sumRaxkills, SUM(dp.courierkills) AS sumCourierkills, s.server AS server, s.id AS serverid, s.name AS servername FROM `gameplayers` `gp` LEFT JOIN dotagames AS dg ON gp.gameid = dg.gameid LEFT JOIN games AS ga ON ga.id = dg.gameid LEFT JOIN dotaplayers AS dp ON dp.gameid = dg.gameid AND gp.colour = dp.colour LEFT JOIN servers AS s ON gp.spoofedrealm = s.server LEFT JOIN bots AS bo ON gp.botid = bo.botid WHERE (dg.winner <> 0) AND (s.id = :server AND gp.name = :name) GROUP BY gp.name ORDER BY s.server, totgames DESC LIMIT 1. Bound with :server='1', :name='power_wars'
2011/03/24 04:19:44 [profile] [system.db.CDbCommand.query] begin:system.db.CDbCommand.query(SELECT gp.name AS name, COUNT(*) AS totgames, gp.gameid AS gameid, gp.colour AS colour, AVG(dp.courierkills) AS courierkills, AVG(dp.raxkills) AS raxkills, AVG(dp.towerkills) AS towerkills, AVG(dp.assists) AS assists, AVG(dp.creepdenies) AS creepdenies, AVG(dp.creepkills) AS creepkills, AVG(dp.neutralkills) AS neutralkills, AVG(dp.deaths) AS deaths, AVG(dp.kills) AS kills, SUM(CASE WHEN(((dg.winner = 1 AND dp.newcolour < 6) OR (dg.winner = 2 and dp.newcolour > 6)) AND gp.`left`/ga.duration >= 0.8) THEN 1 ELSE 0 END) AS wins, SUM(CASE WHEN(((dg.winner = 2 AND dp.newcolour < 6) OR (dg.winner = 1 and dp.newcolour > 6)) AND gp.`left`/ga.duration >= 0.8) THEN 1 ELSE 0 END) AS losses, SUM(dp.kills) AS sumKills, SUM(dp.deaths) AS sumDeaths, SUM(dp.creepkills) AS sumCreepkills, SUM(dp.creepdenies) AS sumCreepdenies, SUM(dp.assists) AS sumAssists, SUM(dp.neutralkills) AS sumNeutralkills, SUM(dp.towerkills) AS sumTowerkills, SUM(dp.raxkills) AS sumRaxkills, SUM(dp.courierkills) AS sumCourierkills, s.server AS server, s.id AS serverid, s.name AS servername FROM `gameplayers` `gp` LEFT JOIN dotagames AS dg ON gp.gameid = dg.gameid LEFT JOIN games AS ga ON ga.id = dg.gameid LEFT JOIN dotaplayers AS dp ON dp.gameid = dg.gameid AND gp.colour = dp.colour LEFT JOIN servers AS s ON gp.spoofedrealm = s.server LEFT JOIN bots AS bo ON gp.botid = bo.botid WHERE (dg.winner <> 0) AND (s.id = :server AND gp.name = :name) GROUP BY gp.name ORDER BY s.server, totgames DESC LIMIT 1. Bound with :server='1', :name='power_wars')
2011/03/24 04:19:44 [profile] [system.db.CDbCommand.query] end:system.db.CDbCommand.query(SELECT gp.name AS name, COUNT(*) AS totgames, gp.gameid AS gameid, gp.colour AS colour, AVG(dp.courierkills) AS courierkills, AVG(dp.raxkills) AS raxkills, AVG(dp.towerkills) AS towerkills, AVG(dp.assists) AS assists, AVG(dp.creepdenies) AS creepdenies, AVG(dp.creepkills) AS creepkills, AVG(dp.neutralkills) AS neutralkills, AVG(dp.deaths) AS deaths, AVG(dp.kills) AS kills, SUM(CASE WHEN(((dg.winner = 1 AND dp.newcolour < 6) OR (dg.winner = 2 and dp.newcolour > 6)) AND gp.`left`/ga.duration >= 0.8) THEN 1 ELSE 0 END) AS wins, SUM(CASE WHEN(((dg.winner = 2 AND dp.newcolour < 6) OR (dg.winner = 1 and dp.newcolour > 6)) AND gp.`left`/ga.duration >= 0.8) THEN 1 ELSE 0 END) AS losses, SUM(dp.kills) AS sumKills, SUM(dp.deaths) AS sumDeaths, SUM(dp.creepkills) AS sumCreepkills, SUM(dp.creepdenies) AS sumCreepdenies, SUM(dp.assists) AS sumAssists, SUM(dp.neutralkills) AS sumNeutralkills, SUM(dp.towerkills) AS sumTowerkills, SUM(dp.raxkills) AS sumRaxkills, SUM(dp.courierkills) AS sumCourierkills, s.server AS server, s.id AS serverid, s.name AS servername FROM `gameplayers` `gp` LEFT JOIN dotagames AS dg ON gp.gameid = dg.gameid LEFT JOIN games AS ga ON ga.id = dg.gameid LEFT JOIN dotaplayers AS dp ON dp.gameid = dg.gameid AND gp.colour = dp.colour LEFT JOIN servers AS s ON gp.spoofedrealm = s.server LEFT JOIN bots AS bo ON gp.botid = bo.botid WHERE (dg.winner <> 0) AND (s.id = :server AND gp.name = :name) GROUP BY gp.name ORDER BY s.server, totgames DESC LIMIT 1. Bound with :server='1', :name='power_wars')
2011/03/24 04:19:44 [trace] [system.db.CDbCommand] Querying SQL: SHOW COLUMNS FROM `servers`
2011/03/24 04:19:44 [profile] [system.db.CDbCommand.query] begin:system.db.CDbCommand.query(SHOW COLUMNS FROM `servers`)
2011/03/24 04:19:44 [profile] [system.db.CDbCommand.query] end:system.db.CDbCommand.query(SHOW COLUMNS FROM `servers`)
2011/03/24 04:19:44 [trace] [system.db.CDbCommand] Querying SQL: SHOW CREATE TABLE `servers`
2011/03/24 04:19:44 [profile] [system.db.CDbCommand.query] begin:system.db.CDbCommand.query(SHOW CREATE TABLE `servers`)
2011/03/24 04:19:44 [profile] [system.db.CDbCommand.query] end:system.db.CDbCommand.query(SHOW CREATE TABLE `servers`)
2011/03/24 04:19:44 [trace] [system.db.ar.CActiveRecord] Servers.findAll()
2011/03/24 04:19:44 [trace] [system.db.CDbCommand] Querying SQL: SELECT gp.name AS playername, s.server AS server, s.id AS serverid, s.name AS servername FROM `servers` `s` LEFT JOIN gameplayers AS gp ON gp.spoofedrealm = s.server WHERE gp.name = :name GROUP BY s.server. Bound with :name='power_wars'
2011/03/24 04:19:44 [profile] [system.db.CDbCommand.query] begin:system.db.CDbCommand.query(SELECT gp.name AS playername, s.server AS server, s.id AS serverid, s.name AS servername FROM `servers` `s` LEFT JOIN gameplayers AS gp ON gp.spoofedrealm = s.server WHERE gp.name = :name GROUP BY s.server. Bound with :name='power_wars')
2011/03/24 04:19:44 [profile] [system.db.CDbCommand.query] end:system.db.CDbCommand.query(SELECT gp.name AS playername, s.server AS server, s.id AS serverid, s.name AS servername FROM `servers` `s` LEFT JOIN gameplayers AS gp ON gp.spoofedrealm = s.server WHERE gp.name = :name GROUP BY s.server. Bound with :name='power_wars')
2011/03/24 04:19:44 [trace] [system.CModule] Loading "viewRenderer" application component
2011/03/24 04:19:44 [trace] [system.CModule] Loading "widgetFactory" application component
2011/03/24 04:19:44 [trace] [system.CModule] Loading "coreMessages" application component
2011/03/24 04:19:44 [trace] [system.CModule] Loading "format" application component
2011/03/24 04:19:47 [trace] [system.CModule] Loading "log" application component
2011/03/24 04:19:47 [trace] [system.CModule] Loading "request" application component
2011/03/24 04:19:47 [trace] [system.CModule] Loading "urlManager" application component
2011/03/24 04:19:47 [trace] [system.CModule] Loading "cache" application component
2011/03/24 04:19:47 [trace] [system.caching.CFileCache] Serving "Yii.CUrlManager.rules" from cache
2011/03/24 04:19:47 [trace] [system.base.CModule] Loading "ghpp" module
2011/03/24 04:19:47 [trace] [system.CModule] Loading "messages" application component
2011/03/24 04:19:47 [trace] [system.CModule] Loading "user" application component
2011/03/24 04:19:47 [trace] [system.CModule] Loading "session" application component
2011/03/24 04:19:47 [trace] [system.CModule] Loading "clientScript" application component
2011/03/24 04:19:47 [trace] [system.CModule] Loading "assetManager" application component
2011/03/24 04:19:47 [trace] [system.CModule] Loading "themeManager" application component
2011/03/24 04:19:47 [trace] [system.web.filters.CFilterChain] Running filter PlayersController.filteraccessControl()
2011/03/24 04:19:47 [trace] [system.CModule] Loading "db" application component
2011/03/24 04:19:47 [trace] [system.db.CDbConnection] Opening DB connection
2011/03/24 04:19:47 [trace] [system.db.CDbCommand] Querying SQL: SHOW COLUMNS FROM `gameplayers`
2011/03/24 04:19:47 [profile] [system.db.CDbCommand.query] begin:system.db.CDbCommand.query(SHOW COLUMNS FROM `gameplayers`)
2011/03/24 04:19:47 [profile] [system.db.CDbCommand.query] end:system.db.CDbCommand.query(SHOW COLUMNS FROM `gameplayers`)
2011/03/24 04:19:47 [trace] [system.db.CDbCommand] Querying SQL: SHOW CREATE TABLE `gameplayers`
2011/03/24 04:19:47 [profile] [system.db.CDbCommand.query] begin:system.db.CDbCommand.query(SHOW CREATE TABLE `gameplayers`)
2011/03/24 04:19:47 [profile] [system.db.CDbCommand.query] end:system.db.CDbCommand.query(SHOW CREATE TABLE `gameplayers`)
2011/03/24 04:19:47 [trace] [system.db.ar.CActiveRecord] Players.find()
2011/03/24 04:19:47 [trace] [system.db.CDbCommand] Querying SQL: SELECT gp.name AS name, COUNT( DISTINCT gp.name ) AS count FROM `gameplayers` `gp` 
              INNER JOIN dotaplayers AS dp USING (colour, gameid)
              LEFT JOIN dotagames AS dg ON dp.gameid = dg.gameid
              LEFT JOIN games AS g ON g.id = dg.gameid
              LEFT JOIN servers AS s ON gp.spoofedrealm = s.server
              LEFT JOIN bots AS bo ON gp.botid = bo.botid WHERE gp.name <> '' AND dg.winner <> 0 GROUP BY gp.spoofedrealm, gp.name LIMIT 1
2011/03/24 04:19:47 [profile] [system.db.CDbCommand.query] begin:system.db.CDbCommand.query(SELECT gp.name AS name, COUNT( DISTINCT gp.name ) AS count FROM `gameplayers` `gp` 
              INNER JOIN dotaplayers AS dp USING (colour, gameid)
              LEFT JOIN dotagames AS dg ON dp.gameid = dg.gameid
              LEFT JOIN games AS g ON g.id = dg.gameid
              LEFT JOIN servers AS s ON gp.spoofedrealm = s.server
              LEFT JOIN bots AS bo ON gp.botid = bo.botid WHERE gp.name <> '' AND dg.winner <> 0 GROUP BY gp.spoofedrealm, gp.name LIMIT 1)
2011/03/24 04:19:47 [profile] [system.db.CDbCommand.query] end:system.db.CDbCommand.query(SELECT gp.name AS name, COUNT( DISTINCT gp.name ) AS count FROM `gameplayers` `gp` 
              INNER JOIN dotaplayers AS dp USING (colour, gameid)
              LEFT JOIN dotagames AS dg ON dp.gameid = dg.gameid
              LEFT JOIN games AS g ON g.id = dg.gameid
              LEFT JOIN servers AS s ON gp.spoofedrealm = s.server
              LEFT JOIN bots AS bo ON gp.botid = bo.botid WHERE gp.name <> '' AND dg.winner <> 0 GROUP BY gp.spoofedrealm, gp.name LIMIT 1)
2011/03/24 04:19:47 [trace] [system.db.CDbCommand] Querying SQL: SHOW COLUMNS FROM `servers`
2011/03/24 04:19:47 [profile] [system.db.CDbCommand.query] begin:system.db.CDbCommand.query(SHOW COLUMNS FROM `servers`)
2011/03/24 04:19:47 [profile] [system.db.CDbCommand.query] end:system.db.CDbCommand.query(SHOW COLUMNS FROM `servers`)
2011/03/24 04:19:47 [trace] [system.db.CDbCommand] Querying SQL: SHOW CREATE TABLE `servers`
2011/03/24 04:19:47 [profile] [system.db.CDbCommand.query] begin:system.db.CDbCommand.query(SHOW CREATE TABLE `servers`)
2011/03/24 04:19:47 [profile] [system.db.CDbCommand.query] end:system.db.CDbCommand.query(SHOW CREATE TABLE `servers`)
2011/03/24 04:19:47 [trace] [system.db.ar.CActiveRecord] Servers.findAll()
2011/03/24 04:19:47 [trace] [system.db.CDbCommand] Querying SQL: SELECT * FROM `servers` `s`
2011/03/24 04:19:47 [profile] [system.db.CDbCommand.query] begin:system.db.CDbCommand.query(SELECT * FROM `servers` `s`)
2011/03/24 04:19:47 [profile] [system.db.CDbCommand.query] end:system.db.CDbCommand.query(SELECT * FROM `servers` `s`)
2011/03/24 04:19:47 [trace] [system.CModule] Loading "viewRenderer" application component
2011/03/24 04:19:47 [trace] [system.CModule] Loading "widgetFactory" application component
2011/03/24 04:19:47 [trace] [system.caching.CFileCache] Serving "Yii.COutputCache.asd..ghpp/players/index...." from cache
2011/03/24 04:19:47 [trace] [system.CModule] Loading "coreMessages" application component
2011/03/24 04:19:49 [trace] [system.CModule] Loading "log" application component
2011/03/24 04:19:49 [trace] [system.CModule] Loading "request" application component
2011/03/24 04:19:49 [trace] [system.CModule] Loading "urlManager" application component
2011/03/24 04:19:49 [trace] [system.CModule] Loading "cache" application component
2011/03/24 04:19:49 [trace] [system.caching.CFileCache] Serving "Yii.CUrlManager.rules" from cache
2011/03/24 04:19:49 [trace] [system.base.CModule] Loading "ghpp" module
2011/03/24 04:19:49 [trace] [system.CModule] Loading "messages" application component
2011/03/24 04:19:49 [trace] [system.CModule] Loading "user" application component
2011/03/24 04:19:49 [trace] [system.CModule] Loading "session" application component
2011/03/24 04:19:49 [trace] [system.CModule] Loading "clientScript" application component
2011/03/24 04:19:49 [trace] [system.CModule] Loading "assetManager" application component
2011/03/24 04:19:49 [trace] [system.CModule] Loading "themeManager" application component
2011/03/24 04:19:49 [trace] [system.web.filters.CFilterChain] Running filter PlayersController.filteraccessControl()
2011/03/24 04:19:49 [trace] [system.CModule] Loading "db" application component
2011/03/24 04:19:49 [trace] [system.db.CDbConnection] Opening DB connection
2011/03/24 04:19:49 [trace] [system.db.CDbCommand] Querying SQL: SHOW COLUMNS FROM `gameplayers`
2011/03/24 04:19:49 [profile] [system.db.CDbCommand.query] begin:system.db.CDbCommand.query(SHOW COLUMNS FROM `gameplayers`)
2011/03/24 04:19:49 [profile] [system.db.CDbCommand.query] end:system.db.CDbCommand.query(SHOW COLUMNS FROM `gameplayers`)
2011/03/24 04:19:49 [trace] [system.db.CDbCommand] Querying SQL: SHOW CREATE TABLE `gameplayers`
2011/03/24 04:19:49 [profile] [system.db.CDbCommand.query] begin:system.db.CDbCommand.query(SHOW CREATE TABLE `gameplayers`)
2011/03/24 04:19:49 [profile] [system.db.CDbCommand.query] end:system.db.CDbCommand.query(SHOW CREATE TABLE `gameplayers`)
2011/03/24 04:19:49 [trace] [system.db.ar.CActiveRecord] Players.find()
2011/03/24 04:19:49 [trace] [system.db.CDbCommand] Querying SQL: SELECT gp.name AS name, COUNT( DISTINCT gp.name ) AS count FROM `gameplayers` `gp` 
              INNER JOIN dotaplayers AS dp USING (colour, gameid)
              LEFT JOIN dotagames AS dg ON dp.gameid = dg.gameid
              LEFT JOIN games AS g ON g.id = dg.gameid
              LEFT JOIN servers AS s ON gp.spoofedrealm = s.server
              LEFT JOIN bots AS bo ON gp.botid = bo.botid WHERE (gp.name <> '' AND dg.winner <> 0) AND (s.id = :server) GROUP BY gp.spoofedrealm, gp.name LIMIT 1. Bound with :server='2'
2011/03/24 04:19:49 [profile] [system.db.CDbCommand.query] begin:system.db.CDbCommand.query(SELECT gp.name AS name, COUNT( DISTINCT gp.name ) AS count FROM `gameplayers` `gp` 
              INNER JOIN dotaplayers AS dp USING (colour, gameid)
              LEFT JOIN dotagames AS dg ON dp.gameid = dg.gameid
              LEFT JOIN games AS g ON g.id = dg.gameid
              LEFT JOIN servers AS s ON gp.spoofedrealm = s.server
              LEFT JOIN bots AS bo ON gp.botid = bo.botid WHERE (gp.name <> '' AND dg.winner <> 0) AND (s.id = :server) GROUP BY gp.spoofedrealm, gp.name LIMIT 1. Bound with :server='2')
2011/03/24 04:19:49 [profile] [system.db.CDbCommand.query] end:system.db.CDbCommand.query(SELECT gp.name AS name, COUNT( DISTINCT gp.name ) AS count FROM `gameplayers` `gp` 
              INNER JOIN dotaplayers AS dp USING (colour, gameid)
              LEFT JOIN dotagames AS dg ON dp.gameid = dg.gameid
              LEFT JOIN games AS g ON g.id = dg.gameid
              LEFT JOIN servers AS s ON gp.spoofedrealm = s.server
              LEFT JOIN bots AS bo ON gp.botid = bo.botid WHERE (gp.name <> '' AND dg.winner <> 0) AND (s.id = :server) GROUP BY gp.spoofedrealm, gp.name LIMIT 1. Bound with :server='2')
2011/03/24 04:19:49 [trace] [system.db.CDbCommand] Querying SQL: SHOW COLUMNS FROM `servers`
2011/03/24 04:19:49 [profile] [system.db.CDbCommand.query] begin:system.db.CDbCommand.query(SHOW COLUMNS FROM `servers`)
2011/03/24 04:19:49 [profile] [system.db.CDbCommand.query] end:system.db.CDbCommand.query(SHOW COLUMNS FROM `servers`)
2011/03/24 04:19:49 [trace] [system.db.CDbCommand] Querying SQL: SHOW CREATE TABLE `servers`
2011/03/24 04:19:49 [profile] [system.db.CDbCommand.query] begin:system.db.CDbCommand.query(SHOW CREATE TABLE `servers`)
2011/03/24 04:19:49 [profile] [system.db.CDbCommand.query] end:system.db.CDbCommand.query(SHOW CREATE TABLE `servers`)
2011/03/24 04:19:49 [trace] [system.db.ar.CActiveRecord] Servers.findAll()
2011/03/24 04:19:49 [trace] [system.db.CDbCommand] Querying SQL: SELECT * FROM `servers` `s`
2011/03/24 04:19:49 [profile] [system.db.CDbCommand.query] begin:system.db.CDbCommand.query(SELECT * FROM `servers` `s`)
2011/03/24 04:19:49 [profile] [system.db.CDbCommand.query] end:system.db.CDbCommand.query(SELECT * FROM `servers` `s`)
2011/03/24 04:19:49 [trace] [system.CModule] Loading "viewRenderer" application component
2011/03/24 04:19:49 [trace] [system.CModule] Loading "widgetFactory" application component
2011/03/24 04:19:49 [trace] [system.caching.CFileCache] Serving "Yii.COutputCache.asd..ghpp/players/index...." from cache
2011/03/24 04:19:49 [trace] [system.CModule] Loading "coreMessages" application component
2011/03/24 04:19:51 [trace] [system.CModule] Loading "log" application component
2011/03/24 04:19:51 [trace] [system.CModule] Loading "request" application component
2011/03/24 04:19:51 [trace] [system.CModule] Loading "urlManager" application component
2011/03/24 04:19:51 [trace] [system.CModule] Loading "cache" application component
2011/03/24 04:19:51 [trace] [system.caching.CFileCache] Serving "Yii.CUrlManager.rules" from cache
2011/03/24 04:19:51 [trace] [system.base.CModule] Loading "ghpp" module
2011/03/24 04:19:51 [trace] [system.CModule] Loading "messages" application component
2011/03/24 04:19:51 [trace] [system.CModule] Loading "user" application component
2011/03/24 04:19:51 [trace] [system.CModule] Loading "session" application component
2011/03/24 04:19:51 [trace] [system.CModule] Loading "clientScript" application component
2011/03/24 04:19:51 [trace] [system.CModule] Loading "assetManager" application component
2011/03/24 04:19:51 [trace] [system.CModule] Loading "themeManager" application component
2011/03/24 04:19:51 [trace] [system.web.filters.CFilterChain] Running filter PlayersController.filteraccessControl()
2011/03/24 04:19:51 [trace] [system.CModule] Loading "db" application component
2011/03/24 04:19:51 [trace] [system.db.CDbConnection] Opening DB connection
2011/03/24 04:19:51 [trace] [system.db.CDbCommand] Querying SQL: SHOW COLUMNS FROM `gameplayers`
2011/03/24 04:19:51 [profile] [system.db.CDbCommand.query] begin:system.db.CDbCommand.query(SHOW COLUMNS FROM `gameplayers`)
2011/03/24 04:19:51 [profile] [system.db.CDbCommand.query] end:system.db.CDbCommand.query(SHOW COLUMNS FROM `gameplayers`)
2011/03/24 04:19:51 [trace] [system.db.CDbCommand] Querying SQL: SHOW CREATE TABLE `gameplayers`
2011/03/24 04:19:51 [profile] [system.db.CDbCommand.query] begin:system.db.CDbCommand.query(SHOW CREATE TABLE `gameplayers`)
2011/03/24 04:19:51 [profile] [system.db.CDbCommand.query] end:system.db.CDbCommand.query(SHOW CREATE TABLE `gameplayers`)
2011/03/24 04:19:51 [trace] [system.db.ar.CActiveRecord] Players.find()
2011/03/24 04:19:51 [trace] [system.db.CDbCommand] Querying SQL: SELECT gp.name AS name, COUNT( DISTINCT gp.name ) AS count FROM `gameplayers` `gp` 
              INNER JOIN dotaplayers AS dp USING (colour, gameid)
              LEFT JOIN dotagames AS dg ON dp.gameid = dg.gameid
              LEFT JOIN games AS g ON g.id = dg.gameid
              LEFT JOIN servers AS s ON gp.spoofedrealm = s.server
              LEFT JOIN bots AS bo ON gp.botid = bo.botid WHERE (gp.name <> '' AND dg.winner <> 0) AND (s.id = :server) GROUP BY gp.spoofedrealm, gp.name LIMIT 1. Bound with :server='15'
2011/03/24 04:19:51 [profile] [system.db.CDbCommand.query] begin:system.db.CDbCommand.query(SELECT gp.name AS name, COUNT( DISTINCT gp.name ) AS count FROM `gameplayers` `gp` 
              INNER JOIN dotaplayers AS dp USING (colour, gameid)
              LEFT JOIN dotagames AS dg ON dp.gameid = dg.gameid
              LEFT JOIN games AS g ON g.id = dg.gameid
              LEFT JOIN servers AS s ON gp.spoofedrealm = s.server
              LEFT JOIN bots AS bo ON gp.botid = bo.botid WHERE (gp.name <> '' AND dg.winner <> 0) AND (s.id = :server) GROUP BY gp.spoofedrealm, gp.name LIMIT 1. Bound with :server='15')
2011/03/24 04:20:01 [profile] [system.db.CDbCommand.query] end:system.db.CDbCommand.query(SELECT gp.name AS name, COUNT( DISTINCT gp.name ) AS count FROM `gameplayers` `gp` 
              INNER JOIN dotaplayers AS dp USING (colour, gameid)
              LEFT JOIN dotagames AS dg ON dp.gameid = dg.gameid
              LEFT JOIN games AS g ON g.id = dg.gameid
              LEFT JOIN servers AS s ON gp.spoofedrealm = s.server
              LEFT JOIN bots AS bo ON gp.botid = bo.botid WHERE (gp.name <> '' AND dg.winner <> 0) AND (s.id = :server) GROUP BY gp.spoofedrealm, gp.name LIMIT 1. Bound with :server='15')
2011/03/24 04:20:01 [trace] [system.db.CDbCommand] Querying SQL: SHOW COLUMNS FROM `servers`
2011/03/24 04:20:01 [profile] [system.db.CDbCommand.query] begin:system.db.CDbCommand.query(SHOW COLUMNS FROM `servers`)
2011/03/24 04:20:01 [profile] [system.db.CDbCommand.query] end:system.db.CDbCommand.query(SHOW COLUMNS FROM `servers`)
2011/03/24 04:20:01 [trace] [system.db.CDbCommand] Querying SQL: SHOW CREATE TABLE `servers`
2011/03/24 04:20:01 [profile] [system.db.CDbCommand.query] begin:system.db.CDbCommand.query(SHOW CREATE TABLE `servers`)
2011/03/24 04:20:01 [profile] [system.db.CDbCommand.query] end:system.db.CDbCommand.query(SHOW CREATE TABLE `servers`)
2011/03/24 04:20:01 [trace] [system.db.ar.CActiveRecord] Servers.findAll()
2011/03/24 04:20:01 [trace] [system.db.CDbCommand] Querying SQL: SELECT * FROM `servers` `s`
2011/03/24 04:20:01 [profile] [system.db.CDbCommand.query] begin:system.db.CDbCommand.query(SELECT * FROM `servers` `s`)
2011/03/24 04:20:01 [profile] [system.db.CDbCommand.query] end:system.db.CDbCommand.query(SELECT * FROM `servers` `s`)
2011/03/24 04:20:01 [trace] [system.CModule] Loading "viewRenderer" application component
2011/03/24 04:20:01 [trace] [system.CModule] Loading "widgetFactory" application component
2011/03/24 04:20:01 [trace] [system.caching.CFileCache] Serving "Yii.COutputCache.asd..ghpp/players/index...." from cache
2011/03/24 04:20:01 [trace] [system.CModule] Loading "coreMessages" application component
2011/03/24 04:21:17 [trace] [system.CModule] Loading "log" application component
2011/03/24 04:21:17 [trace] [system.CModule] Loading "request" application component
2011/03/24 04:21:17 [trace] [system.CModule] Loading "urlManager" application component
2011/03/24 04:21:17 [trace] [system.CModule] Loading "cache" application component
2011/03/24 04:21:17 [trace] [system.caching.CFileCache] Serving "Yii.CUrlManager.rules" from cache
2011/03/24 04:21:17 [trace] [system.base.CModule] Loading "ghpp" module
2011/03/24 04:21:17 [trace] [system.CModule] Loading "messages" application component
2011/03/24 04:21:17 [trace] [system.CModule] Loading "user" application component
2011/03/24 04:21:17 [trace] [system.CModule] Loading "session" application component
2011/03/24 04:21:17 [trace] [system.CModule] Loading "clientScript" application component
2011/03/24 04:21:17 [trace] [system.CModule] Loading "assetManager" application component
2011/03/24 04:21:17 [trace] [system.CModule] Loading "themeManager" application component
2011/03/24 04:21:17 [trace] [system.web.filters.CFilterChain] Running filter PlayersController.filteraccessControl()
2011/03/24 04:21:17 [trace] [system.CModule] Loading "db" application component
2011/03/24 04:21:17 [trace] [system.db.CDbConnection] Opening DB connection
2011/03/24 04:21:18 [trace] [system.db.CDbCommand] Querying SQL: SHOW COLUMNS FROM `gameplayers`
2011/03/24 04:21:18 [profile] [system.db.CDbCommand.query] begin:system.db.CDbCommand.query(SHOW COLUMNS FROM `gameplayers`)
2011/03/24 04:21:18 [profile] [system.db.CDbCommand.query] end:system.db.CDbCommand.query(SHOW COLUMNS FROM `gameplayers`)
2011/03/24 04:21:18 [trace] [system.db.CDbCommand] Querying SQL: SHOW CREATE TABLE `gameplayers`
2011/03/24 04:21:18 [profile] [system.db.CDbCommand.query] begin:system.db.CDbCommand.query(SHOW CREATE TABLE `gameplayers`)
2011/03/24 04:21:18 [profile] [system.db.CDbCommand.query] end:system.db.CDbCommand.query(SHOW CREATE TABLE `gameplayers`)
2011/03/24 04:21:18 [trace] [system.db.ar.CActiveRecord] Players.findAll()
2011/03/24 04:21:18 [trace] [system.db.CDbCommand] Querying SQL: SELECT gp.name AS name, COUNT(dg.id) AS totgames, ROUND(AVG(dp.kills),0) AS kills, ROUND(AVG(dp.deaths),0) AS deaths, ROUND(AVG(dp.assists),0) AS assists, ROUND(AVG(dp.creepkills),0) AS creepkills, ROUND(AVG(dp.creepdenies),0) AS creepdenies, ROUND(AVG(dp.neutralkills),0) AS neutralkills, ROUND(AVG(dp.towerkills),0) AS towerkills, DATE_FORMAT(MAX(g.datetime),"%d %m %Y") AS lastplayed, DATE_FORMAT(MIN(g.datetime),"%d %m %Y") AS firstplayed, s.server AS server, s.id AS serverid, s.name AS servername, b.name IS NOT NULL AS isbanned, a.name IS NOT NULL AS isadmin FROM `gameplayers` `gp` 
              INNER JOIN dotaplayers AS dp USING (colour, gameid)
              LEFT JOIN dotagames AS dg ON dp.gameid = dg.gameid
              LEFT JOIN games AS g ON g.id = dg.gameid
              LEFT JOIN servers AS s ON gp.spoofedrealm = s.server
              LEFT JOIN bots AS bo ON gp.botid = bo.botid LEFT JOIN bans AS b ON b.name = gp.name LEFT JOIN admins AS a ON a.name = gp.name WHERE (gp.name <> '' AND dg.winner <> 0) AND (gp.name LIKE :name) GROUP BY gp.name ORDER BY totgames DESC LIMIT 10. Bound with :name='her%'
2011/03/24 04:21:18 [profile] [system.db.CDbCommand.query] begin:system.db.CDbCommand.query(SELECT gp.name AS name, COUNT(dg.id) AS totgames, ROUND(AVG(dp.kills),0) AS kills, ROUND(AVG(dp.deaths),0) AS deaths, ROUND(AVG(dp.assists),0) AS assists, ROUND(AVG(dp.creepkills),0) AS creepkills, ROUND(AVG(dp.creepdenies),0) AS creepdenies, ROUND(AVG(dp.neutralkills),0) AS neutralkills, ROUND(AVG(dp.towerkills),0) AS towerkills, DATE_FORMAT(MAX(g.datetime),"%d %m %Y") AS lastplayed, DATE_FORMAT(MIN(g.datetime),"%d %m %Y") AS firstplayed, s.server AS server, s.id AS serverid, s.name AS servername, b.name IS NOT NULL AS isbanned, a.name IS NOT NULL AS isadmin FROM `gameplayers` `gp` 
              INNER JOIN dotaplayers AS dp USING (colour, gameid)
              LEFT JOIN dotagames AS dg ON dp.gameid = dg.gameid
              LEFT JOIN games AS g ON g.id = dg.gameid
              LEFT JOIN servers AS s ON gp.spoofedrealm = s.server
              LEFT JOIN bots AS bo ON gp.botid = bo.botid LEFT JOIN bans AS b ON b.name = gp.name LEFT JOIN admins AS a ON a.name = gp.name WHERE (gp.name <> '' AND dg.winner <> 0) AND (gp.name LIKE :name) GROUP BY gp.name ORDER BY totgames DESC LIMIT 10. Bound with :name='her%')
2011/03/24 04:21:18 [profile] [system.db.CDbCommand.query] end:system.db.CDbCommand.query(SELECT gp.name AS name, COUNT(dg.id) AS totgames, ROUND(AVG(dp.kills),0) AS kills, ROUND(AVG(dp.deaths),0) AS deaths, ROUND(AVG(dp.assists),0) AS assists, ROUND(AVG(dp.creepkills),0) AS creepkills, ROUND(AVG(dp.creepdenies),0) AS creepdenies, ROUND(AVG(dp.neutralkills),0) AS neutralkills, ROUND(AVG(dp.towerkills),0) AS towerkills, DATE_FORMAT(MAX(g.datetime),"%d %m %Y") AS lastplayed, DATE_FORMAT(MIN(g.datetime),"%d %m %Y") AS firstplayed, s.server AS server, s.id AS serverid, s.name AS servername, b.name IS NOT NULL AS isbanned, a.name IS NOT NULL AS isadmin FROM `gameplayers` `gp` 
              INNER JOIN dotaplayers AS dp USING (colour, gameid)
              LEFT JOIN dotagames AS dg ON dp.gameid = dg.gameid
              LEFT JOIN games AS g ON g.id = dg.gameid
              LEFT JOIN servers AS s ON gp.spoofedrealm = s.server
              LEFT JOIN bots AS bo ON gp.botid = bo.botid LEFT JOIN bans AS b ON b.name = gp.name LEFT JOIN admins AS a ON a.name = gp.name WHERE (gp.name <> '' AND dg.winner <> 0) AND (gp.name LIKE :name) GROUP BY gp.name ORDER BY totgames DESC LIMIT 10. Bound with :name='her%')
2011/03/24 04:21:23 [trace] [system.CModule] Loading "log" application component
2011/03/24 04:21:23 [trace] [system.CModule] Loading "request" application component
2011/03/24 04:21:23 [trace] [system.CModule] Loading "urlManager" application component
2011/03/24 04:21:23 [trace] [system.CModule] Loading "cache" application component
2011/03/24 04:21:23 [trace] [system.caching.CFileCache] Serving "Yii.CUrlManager.rules" from cache
2011/03/24 04:21:23 [trace] [system.base.CModule] Loading "ghpp" module
2011/03/24 04:21:23 [trace] [system.CModule] Loading "messages" application component
2011/03/24 04:21:23 [trace] [system.CModule] Loading "user" application component
2011/03/24 04:21:23 [trace] [system.CModule] Loading "session" application component
2011/03/24 04:21:23 [trace] [system.CModule] Loading "clientScript" application component
2011/03/24 04:21:23 [trace] [system.CModule] Loading "assetManager" application component
2011/03/24 04:21:23 [trace] [system.CModule] Loading "themeManager" application component
2011/03/24 04:21:23 [trace] [system.web.filters.CFilterChain] Running filter PlayersController.filteraccessControl()
2011/03/24 04:21:23 [trace] [system.CModule] Loading "db" application component
2011/03/24 04:21:23 [trace] [system.db.CDbConnection] Opening DB connection
2011/03/24 04:21:23 [trace] [system.db.CDbCommand] Querying SQL: SHOW COLUMNS FROM `gameplayers`
2011/03/24 04:21:23 [profile] [system.db.CDbCommand.query] begin:system.db.CDbCommand.query(SHOW COLUMNS FROM `gameplayers`)
2011/03/24 04:21:23 [profile] [system.db.CDbCommand.query] end:system.db.CDbCommand.query(SHOW COLUMNS FROM `gameplayers`)
2011/03/24 04:21:23 [trace] [system.db.CDbCommand] Querying SQL: SHOW CREATE TABLE `gameplayers`
2011/03/24 04:21:23 [profile] [system.db.CDbCommand.query] begin:system.db.CDbCommand.query(SHOW CREATE TABLE `gameplayers`)
2011/03/24 04:21:23 [profile] [system.db.CDbCommand.query] end:system.db.CDbCommand.query(SHOW CREATE TABLE `gameplayers`)
2011/03/24 04:21:23 [trace] [system.db.ar.CActiveRecord] Players.find()
2011/03/24 04:21:23 [trace] [system.db.CDbCommand] Querying SQL: SELECT gp.name AS name, COUNT( DISTINCT gp.name ) AS count FROM `gameplayers` `gp` 
              INNER JOIN dotaplayers AS dp USING (colour, gameid)
              LEFT JOIN dotagames AS dg ON dp.gameid = dg.gameid
              LEFT JOIN games AS g ON g.id = dg.gameid
              LEFT JOIN servers AS s ON gp.spoofedrealm = s.server
              LEFT JOIN bots AS bo ON gp.botid = bo.botid WHERE (gp.name <> '' AND dg.winner <> 0) AND (gp.name LIKE :ycp0) GROUP BY gp.spoofedrealm, gp.name LIMIT 1. Bound with :ycp0='%her0\\_%'
2011/03/24 04:21:23 [profile] [system.db.CDbCommand.query] begin:system.db.CDbCommand.query(SELECT gp.name AS name, COUNT( DISTINCT gp.name ) AS count FROM `gameplayers` `gp` 
              INNER JOIN dotaplayers AS dp USING (colour, gameid)
              LEFT JOIN dotagames AS dg ON dp.gameid = dg.gameid
              LEFT JOIN games AS g ON g.id = dg.gameid
              LEFT JOIN servers AS s ON gp.spoofedrealm = s.server
              LEFT JOIN bots AS bo ON gp.botid = bo.botid WHERE (gp.name <> '' AND dg.winner <> 0) AND (gp.name LIKE :ycp0) GROUP BY gp.spoofedrealm, gp.name LIMIT 1. Bound with :ycp0='%her0\\_%')
2011/03/24 04:21:26 [profile] [system.db.CDbCommand.query] end:system.db.CDbCommand.query(SELECT gp.name AS name, COUNT( DISTINCT gp.name ) AS count FROM `gameplayers` `gp` 
              INNER JOIN dotaplayers AS dp USING (colour, gameid)
              LEFT JOIN dotagames AS dg ON dp.gameid = dg.gameid
              LEFT JOIN games AS g ON g.id = dg.gameid
              LEFT JOIN servers AS s ON gp.spoofedrealm = s.server
              LEFT JOIN bots AS bo ON gp.botid = bo.botid WHERE (gp.name <> '' AND dg.winner <> 0) AND (gp.name LIKE :ycp0) GROUP BY gp.spoofedrealm, gp.name LIMIT 1. Bound with :ycp0='%her0\\_%')
2011/03/24 04:21:26 [trace] [system.db.CDbCommand] Querying SQL: SHOW COLUMNS FROM `servers`
2011/03/24 04:21:26 [profile] [system.db.CDbCommand.query] begin:system.db.CDbCommand.query(SHOW COLUMNS FROM `servers`)
2011/03/24 04:21:26 [profile] [system.db.CDbCommand.query] end:system.db.CDbCommand.query(SHOW COLUMNS FROM `servers`)
2011/03/24 04:21:26 [trace] [system.db.CDbCommand] Querying SQL: SHOW CREATE TABLE `servers`
2011/03/24 04:21:26 [profile] [system.db.CDbCommand.query] begin:system.db.CDbCommand.query(SHOW CREATE TABLE `servers`)
2011/03/24 04:21:26 [profile] [system.db.CDbCommand.query] end:system.db.CDbCommand.query(SHOW CREATE TABLE `servers`)
2011/03/24 04:21:26 [trace] [system.db.ar.CActiveRecord] Servers.findAll()
2011/03/24 04:21:26 [trace] [system.db.CDbCommand] Querying SQL: SELECT * FROM `servers` `s`
2011/03/24 04:21:26 [profile] [system.db.CDbCommand.query] begin:system.db.CDbCommand.query(SELECT * FROM `servers` `s`)
2011/03/24 04:21:26 [profile] [system.db.CDbCommand.query] end:system.db.CDbCommand.query(SELECT * FROM `servers` `s`)
2011/03/24 04:21:26 [trace] [system.CModule] Loading "viewRenderer" application component
2011/03/24 04:21:26 [trace] [system.CModule] Loading "widgetFactory" application component
2011/03/24 04:21:26 [trace] [system.caching.CFileCache] Serving "Yii.COutputCache.asd..ghpp/players/index...." from cache
2011/03/24 04:38:19 [trace] [system.CModule] Loading "log" application component
2011/03/24 04:38:19 [trace] [system.CModule] Loading "request" application component
2011/03/24 04:38:19 [trace] [system.CModule] Loading "urlManager" application component
2011/03/24 04:38:19 [trace] [system.CModule] Loading "cache" application component
2011/03/24 04:38:20 [trace] [system.caching.CFileCache] Serving "Yii.CUrlManager.rules" from cache
2011/03/24 04:38:20 [trace] [system.base.CModule] Loading "ghpp" module
2011/03/24 04:38:21 [trace] [system.CModule] Loading "messages" application component
2011/03/24 04:38:21 [trace] [system.CModule] Loading "user" application component
2011/03/24 04:38:21 [trace] [system.CModule] Loading "session" application component
2011/03/24 04:38:21 [trace] [system.CModule] Loading "clientScript" application component
2011/03/24 04:38:21 [trace] [system.CModule] Loading "assetManager" application component
2011/03/24 04:38:21 [trace] [system.CModule] Loading "themeManager" application component
2011/03/24 04:38:24 [trace] [system.web.filters.CFilterChain] Running filter HeroesController.filteraccessControl()
2011/03/24 04:38:24 [trace] [system.CModule] Loading "db" application component
2011/03/24 04:38:24 [trace] [system.db.CDbConnection] Opening DB connection
2011/03/24 04:38:24 [trace] [system.CModule] Loading "coreMessages" application component
2011/03/24 04:38:24 [error] [exception.CDbException] exception 'CDbException' with message 'CDbConnection failed to open the DB connection: SQLSTATE[HY000] [2002] Can't connect to local MySQL server through socket '/var/run/mysqld/mysqld.sock' (2)' in /home/jilizart/www/Yii/framework/db/CDbConnection.php:287
Stack trace:
#0 /home/jilizart/www/Yii/framework/db/CDbConnection.php(260): CDbConnection->open()
#1 /home/jilizart/www/Yii/framework/db/CDbConnection.php(238): CDbConnection->setActive(true)
#2 /home/jilizart/www/Yii/framework/base/CModule.php(372): CDbConnection->init()
#3 /home/jilizart/www/Yii/framework/base/CApplication.php(426): CModule->getComponent('db')
#4 /home/jilizart/www/Yii/framework/db/ar/CActiveRecord.php(589): CApplication->getDb()
#5 /home/jilizart/www/Yii/framework/db/ar/CActiveRecord.php(2167): CActiveRecord->getDbConnection()
#6 /home/jilizart/www/Yii/framework/db/ar/CActiveRecord.php(353): CActiveRecordMetaData->__construct(Object(Heroes))
#7 /home/jilizart/www/Yii/framework/web/CActiveDataProvider.php(63): CActiveRecord::model('Heroes')
#8 /home/jilizart/www/Yii/apps/w3ghstats/protected/modules/ghpp/controllers/HeroesController.php(130): CActiveDataProvider->__construct('Heroes')
#9 /home/jilizart/www/Yii/framework/web/actions/CInlineAction.php(57): HeroesController->actionIndex()
#10 /home/jilizart/www/Yii/framework/web/CController.php(300): CInlineAction->run()
#11 /home/jilizart/www/Yii/framework/web/filters/CFilterChain.php(133): CController->runAction(Object(CInlineAction))
#12 /home/jilizart/www/Yii/framework/web/filters/CFilter.php(41): CFilterChain->run()
#13 /home/jilizart/www/Yii/framework/web/CController.php(1088): CFilter->filter(Object(CFilterChain))
#14 /home/jilizart/www/Yii/framework/web/filters/CInlineFilter.php(59): CController->filterAccessControl(Object(CFilterChain))
#15 /home/jilizart/www/Yii/framework/web/filters/CFilterChain.php(130): CInlineFilter->filter(Object(CFilterChain))
#16 /home/jilizart/www/Yii/framework/web/CController.php(283): CFilterChain->run()
#17 /home/jilizart/www/Yii/framework/web/CController.php(257): CController->runActionWithFilters(Object(CInlineAction), Array)
#18 /home/jilizart/www/Yii/framework/web/CWebApplication.php(328): CController->run('index')
#19 /home/jilizart/www/Yii/framework/web/CWebApplication.php(121): CWebApplication->runController('ghpp/heroes/ind...')
#20 /home/jilizart/www/Yii/framework/base/CApplication.php(155): CWebApplication->processRequest()
#21 /home/jilizart/www/Yii/apps/w3ghstats/index.php(31): CApplication->run()
#22 {main} REQUEST_URI=/Yii/apps/w3ghstats/index.php/ghpp/heroes/index
2011/03/24 04:38:24 [trace] [system.CModule] Loading "errorHandler" application component
2011/03/24 04:38:19 [trace] [system.CModule] Loading "log" application component
2011/03/24 04:38:19 [trace] [system.CModule] Loading "request" application component
2011/03/24 04:38:19 [trace] [system.CModule] Loading "urlManager" application component
2011/03/24 04:38:19 [trace] [system.CModule] Loading "cache" application component
2011/03/24 04:38:20 [trace] [system.caching.CFileCache] Serving "Yii.CUrlManager.rules" from cache
2011/03/24 04:38:20 [trace] [system.base.CModule] Loading "ghpp" module
2011/03/24 04:38:21 [trace] [system.CModule] Loading "messages" application component
2011/03/24 04:38:21 [trace] [system.CModule] Loading "user" application component
2011/03/24 04:38:21 [trace] [system.CModule] Loading "session" application component
2011/03/24 04:38:21 [trace] [system.CModule] Loading "clientScript" application component
2011/03/24 04:38:21 [trace] [system.CModule] Loading "assetManager" application component
2011/03/24 04:38:21 [trace] [system.CModule] Loading "themeManager" application component
2011/03/24 04:38:24 [trace] [system.web.filters.CFilterChain] Running filter PlayersController.filteraccessControl()
2011/03/24 04:38:24 [trace] [system.CModule] Loading "db" application component
2011/03/24 04:38:24 [trace] [system.db.CDbConnection] Opening DB connection
2011/03/24 04:38:24 [trace] [system.CModule] Loading "coreMessages" application component
2011/03/24 04:38:24 [error] [exception.CDbException] exception 'CDbException' with message 'CDbConnection failed to open the DB connection: SQLSTATE[HY000] [2002] Can't connect to local MySQL server through socket '/var/run/mysqld/mysqld.sock' (2)' in /home/jilizart/www/Yii/framework/db/CDbConnection.php:287
Stack trace:
#0 /home/jilizart/www/Yii/framework/db/CDbConnection.php(260): CDbConnection->open()
#1 /home/jilizart/www/Yii/framework/db/CDbConnection.php(238): CDbConnection->setActive(true)
#2 /home/jilizart/www/Yii/framework/base/CModule.php(372): CDbConnection->init()
#3 /home/jilizart/www/Yii/framework/base/CApplication.php(426): CModule->getComponent('db')
#4 /home/jilizart/www/Yii/framework/db/ar/CActiveRecord.php(589): CApplication->getDb()
#5 /home/jilizart/www/Yii/framework/db/ar/CActiveRecord.php(2167): CActiveRecord->getDbConnection()
#6 /home/jilizart/www/Yii/framework/db/ar/CActiveRecord.php(353): CActiveRecordMetaData->__construct(Object(Players))
#7 /home/jilizart/www/Yii/apps/w3ghstats/protected/modules/ghpp/models/Players.php(55): CActiveRecord::model('Players')
#8 /home/jilizart/www/Yii/apps/w3ghstats/protected/modules/ghpp/controllers/PlayersController.php(151): Players::model()
#9 /home/jilizart/www/Yii/framework/web/actions/CInlineAction.php(57): PlayersController->actionIndex()
#10 /home/jilizart/www/Yii/framework/web/CController.php(300): CInlineAction->run()
#11 /home/jilizart/www/Yii/framework/web/filters/CFilterChain.php(133): CController->runAction(Object(CInlineAction))
#12 /home/jilizart/www/Yii/framework/web/filters/CFilter.php(41): CFilterChain->run()
#13 /home/jilizart/www/Yii/framework/web/CController.php(1088): CFilter->filter(Object(CFilterChain))
#14 /home/jilizart/www/Yii/framework/web/filters/CInlineFilter.php(59): CController->filterAccessControl(Object(CFilterChain))
#15 /home/jilizart/www/Yii/framework/web/filters/CFilterChain.php(130): CInlineFilter->filter(Object(CFilterChain))
#16 /home/jilizart/www/Yii/framework/web/CController.php(283): CFilterChain->run()
#17 /home/jilizart/www/Yii/framework/web/CController.php(257): CController->runActionWithFilters(Object(CInlineAction), Array)
#18 /home/jilizart/www/Yii/framework/web/CWebApplication.php(328): CController->run('index')
#19 /home/jilizart/www/Yii/framework/web/CWebApplication.php(121): CWebApplication->runController('ghpp/players/in...')
#20 /home/jilizart/www/Yii/framework/base/CApplication.php(155): CWebApplication->processRequest()
#21 /home/jilizart/www/Yii/apps/w3ghstats/index.php(31): CApplication->run()
#22 {main} REQUEST_URI=/Yii/apps/w3ghstats/index.php/ghpp/players/index/server/15
2011/03/24 04:38:24 [trace] [system.CModule] Loading "errorHandler" application component
